-------------------------------------------------------------------------------
Test set: com.onlineMovie.movietheatre.MovieTheatreApplicationTests
-------------------------------------------------------------------------------
Tests run: 1, Failures: 0, Errors: 1, Skipped: 0, Time elapsed: 0.691 s <<< FAILURE! - in com.onlineMovie.movietheatre.MovieTheatreApplicationTests
contextLoads  Time elapsed: 0.009 s  <<< ERROR!
java.lang.IllegalStateException: Failed to load ApplicationContext
Caused by: org.springframework.cloud.commons.ConfigDataMissingEnvironmentPostProcessor$ImportException: No spring.config.import set

